 for AAPL with order id algo20220418202933, 11360 shares at price 1276.37
39=6 for AAPL with order id algo20220418202933, 11360 shares at price 17=exec20220418202933
Cancel Message for 151=9088 with order id algo20220418202933, 11360 shares at price 17=exec20220418202933
 for MSFT with order id algo20220418202935, 2495 shares at price 59.89
150=1 for MSFT with order id algo20220418202935, 2495 shares at price 59.89
150=1 for MSFT with order id algo20220418202935, 2495 shares at price 59.89
150=1 for MSFT with order id algo20220418202935, 2495 shares at price 59.89
150=1 for MSFT with order id algo20220418202935, 2495 shares at price 59.89
New buy order for MSFT with order id algo20220418202935, 2495 shares at price 59.89
 for AMZN with order id algo20220418202940, 3642 shares at price 133.47
150=1 for AMZN with order id algo20220418202940, 3642 shares at price 133.47
150=1 for AMZN with order id algo20220418202940, 3642 shares at price 133.47
150=1 for AMZN with order id algo20220418202940, 3642 shares at price 133.47
New buy order for AMZN with order id algo20220418202940, 3642 shares at price 133.47
 for FB with order id algo20220418202945, 22478 shares at price 430.62
39=6 for FB with order id algo20220418202945, 22478 shares at price 17=exec20220418202945
Cancel Message for 151=17983 with order id algo20220418202945, 22478 shares at price 17=exec20220418202945
 for GOOG with order id algo20220418202947, 23632 shares at price 42.05
39=6 for GOOG with order id algo20220418202947, 23632 shares at price 17=exec20220418202947
Cancel Message for 151=17724 with order id algo20220418202947, 23632 shares at price 17=exec20220418202947
 for GOOGL with order id algo20220418202949, 19621 shares at price 289.20
New buy order for GOOGL with order id algo20220418202949, 19621 shares at price 289.20
 for INTC with order id algo20220418202950, 7815 shares at price 339.13
150=1 for INTC with order id algo20220418202950, 7815 shares at price 339.13
39=6 for INTC with order id algo20220418202950, 7815 shares at price 17=exec20220418202951
Cancel Message for 151=2605 with order id algo20220418202950, 7815 shares at price 17=exec20220418202951
 for PEP with order id algo20220418202953, 5703 shares at price 36.21
150=1 for PEP with order id algo20220418202953, 5703 shares at price 36.21
150=1 for PEP with order id algo20220418202953, 5703 shares at price 36.21
New buy order for PEP with order id algo20220418202953, 5703 shares at price 36.21
 for NFLX with order id algo20220418202956, 23553 shares at price 306.71
150=1 for NFLX with order id algo20220418202956, 23553 shares at price 306.71
New buy order for NFLX with order id algo20220418202956, 23553 shares at price 306.71
 for CSCO with order id algo20220418202958, 9647 shares at price 233.73
150=1 for CSCO with order id algo20220418202958, 9647 shares at price 233.73
150=1 for CSCO with order id algo20220418202958, 9647 shares at price 233.73
New buy order for CSCO with order id algo20220418202958, 9647 shares at price 233.73
 for AMGN with order id algo20220418203001, 22424 shares at price 116.62
39=6 for AMGN with order id algo20220418203001, 22424 shares at price 17=exec20220418203001
Cancel Message for 151=11212 with order id algo20220418203001, 22424 shares at price 17=exec20220418203001
 for PYPL with order id algo20220418203003, 3975 shares at price 723.61
39=6 for PYPL with order id algo20220418203003, 3975 shares at price 17=exec20220418203003
Cancel Message for 151=2982 with order id algo20220418203003, 3975 shares at price 17=exec20220418203003
 for TSLA with order id algo20220418203005, 30109 shares at price 503.77
39=6 for TSLA with order id algo20220418203005, 30109 shares at price 17=exec20220418203005
Cancel Message for 151=20073 with order id algo20220418203005, 30109 shares at price 17=exec20220418203005
 for TXN with order id algo20220418203007, 379 shares at price 112.46
New buy order for TXN with order id algo20220418203007, 379 shares at price 112.46
 for AVGO with order id algo20220418203008, 3127 shares at price 262.99
New buy order for AVGO with order id algo20220418203008, 3127 shares at price 262.99
 for GILD with order id algo20220418203009, 7510 shares at price 82.91
39=6 for GILD with order id algo20220418203009, 7510 shares at price 17=exec20220418203009
Cancel Message for 151=3755 with order id algo20220418203009, 7510 shares at price 17=exec20220418203009
 for SBUX with order id algo20220418203011, 20334 shares at price 75.71
150=1 for SBUX with order id algo20220418203011, 20334 shares at price 75.71
39=6 for SBUX with order id algo20220418203011, 20334 shares at price 17=exec20220418203012
Cancel Message for 151=6778 with order id algo20220418203011, 20334 shares at price 17=exec20220418203012
 for QCOM with order id algo20220418203014, 29048 shares at price 75.47
150=1 for QCOM with order id algo20220418203014, 29048 shares at price 75.47
150=1 for QCOM with order id algo20220418203014, 29048 shares at price 75.47
New buy order for QCOM with order id algo20220418203014, 29048 shares at price 75.47
 for TMUS with order id algo20220418203017, 18983 shares at price 90.74
New buy order for TMUS with order id algo20220418203017, 18983 shares at price 90.74
 for MDLZ with order id algo20220418203018, 19306 shares at price 52.26
39=6 for MDLZ with order id algo20220418203018, 19306 shares at price 17=exec20220418203018
Cancel Message for 151=14480 with order id algo20220418203018, 19306 shares at price 17=exec20220418203018
 for BAC with order id algo20220418203020, 8358 shares at price 22.03
150=1 for BAC with order id algo20220418203020, 8358 shares at price 22.03
39=6 for BAC with order id algo20220418203020, 8358 shares at price 17=exec20220418203021
Cancel Message for 151=2786 with order id algo20220418203020, 8358 shares at price 17=exec20220418203021
 for DDD with order id algo20220418203023, 26718 shares at price 8.01
39=6 for DDD with order id algo20220418203023, 26718 shares at price 17=exec20220418203023
Cancel Message for 151=13359 with order id algo20220418203023, 26718 shares at price 17=exec20220418203023
 for MMM with order id algo20220418203025, 3616 shares at price 146.98
New buy order for MMM with order id algo20220418203025, 3616 shares at price 146.98
 for WBAI with order id algo20220418203026, 5744 shares at price 4.10
39=6 for WBAI with order id algo20220418203026, 5744 shares at price 17=exec20220418203026
Cancel Message for 151=4596 with order id algo20220418203026, 5744 shares at price 17=exec20220418203026
 for WUBA with order id algo20220418203028, 16676 shares at price 51.41
150=1 for WUBA with order id algo20220418203028, 16676 shares at price 51.41
39=6 for WUBA with order id algo20220418203028, 16676 shares at price 17=exec20220418203029
Cancel Message for 151=8338 with order id algo20220418203028, 16676 shares at price 17=exec20220418203029
 for EGHT with order id algo20220418203031, 1588 shares at price 17.03
39=6 for EGHT with order id algo20220418203031, 1588 shares at price 17=exec20220418203031
Cancel Message for 151=1191 with order id algo20220418203031, 1588 shares at price 17=exec20220418203031
 for AHC with order id algo20220418203033, 32739 shares at price 1.40
150=1 for AHC with order id algo20220418203033, 32739 shares at price 1.40
New buy order for AHC with order id algo20220418203033, 32739 shares at price 1.40
 for AOS with order id algo20220418203035, 20665 shares at price 40.38
39=6 for AOS with order id algo20220418203035, 20665 shares at price 17=exec20220418203035
Cancel Message for 151=16532 with order id algo20220418203035, 20665 shares at price 17=exec20220418203035
 for ATEN with order id algo20220418203037, 20657 shares at price 6.45
New buy order for ATEN with order id algo20220418203037, 20657 shares at price 6.45
 for AIR with order id algo20220418203038, 20388 shares at price 16.31
39=6 for AIR with order id algo20220418203038, 20388 shares at price 17=exec20220418203038
Cancel Message for 151=13592 with order id algo20220418203038, 20388 shares at price 17=exec20220418203038
 for AAN with order id algo20220418203040, 18126 shares at price 25.68
39=6 for AAN with order id algo20220418203040, 18126 shares at price 17=exec20220418203040
Cancel Message for 151=12084 with order id algo20220418203040, 18126 shares at price 17=exec20220418203040
 for ABB with order id algo20220418203042, 16681 shares at price 17.42
39=6 for ABB with order id algo20220418203042, 16681 shares at price 17=exec20220418203042
Cancel Message for 151=12511 with order id algo20220418203042, 16681 shares at price 17=exec20220418203042
 for ABT with order id algo20220418203044, 9004 shares at price 94.04
39=6 for ABT with order id algo20220418203044, 9004 shares at price 17=exec20220418203044
Cancel Message for 151=6003 with order id algo20220418203044, 9004 shares at price 17=exec20220418203044
 for ABBV with order id algo20220418203046, 8292 shares at price 83.60
150=1 for ABBV with order id algo20220418203046, 8292 shares at price 83.60
39=6 for ABBV with order id algo20220418203046, 8292 shares at price 17=exec20220418203047
Cancel Message for 151=4976 with order id algo20220418203046, 8292 shares at price 17=exec20220418203047
 for ANF with order id algo20220418203049, 9338 shares at price 9.10
150=1 for ANF with order id algo20220418203049, 9338 shares at price 9.10
New buy order for ANF with order id algo20220418203049, 9338 shares at price 9.10
 for ABM with order id algo20220418203051, 7807 shares at price 31.64
150=1 for ABM with order id algo20220418203051, 7807 shares at price 31.64
New buy order for ABM with order id algo20220418203051, 7807 shares at price 31.64
 for AAPL with order id algo20220418203053, 2303 shares at price 284.65
39=6 for AAPL with order id algo20220418203053, 2303 shares at price 17=exec20220418203053
Cancel Message for 151=1728 with order id algo20220418203053, 2303 shares at price 17=exec20220418203053
 for PEP with order id algo20220418203055, 1449 shares at price 45.43
39=6 for PEP with order id algo20220418203055, 1449 shares at price 17=exec20220418203055
Cancel Message for 151=1160 with order id algo20220418203055, 1449 shares at price 17=exec20220418203055
 for  with order id algo20220418203057, 2881 shares at price 
150=1 for  with order id algo20220418203057, 2881 shares at price 
New buy order for  with order id algo20220418203057, 2881 shares at price 
